Reading file: ../tests/matrices/geekforgeeks_4.txt
Number of elements in matrix is: 4
Result to compare is: 
1 3 4 2 1 
Cost to compare is: 80
----------------------------------------- 
Best tour is: 
0 1 3 2 0 
Best tour cost is: 80
----------------------------------------- 
Time taken is: 21671 nano seconds
Time taken is: 0.000021671 seconds
----------------------------------------- 
Result of tests are: 
1. Test Path: false
2. Test Cost: true
Reading file: ../tests/matrices/video_5.txt
Number of elements in matrix is: 5
Result to compare is: 
0 3 1 4 2 0 
Cost to compare is: 28
----------------------------------------- 
Best tour is: 
0 3 1 4 2 0 
Best tour cost is: 28
----------------------------------------- 
Time taken is: 47640 nano seconds
Time taken is: 0.000047640 seconds
----------------------------------------- 
Result of tests are: 
1. Test Path: true
2. Test Cost: true
Reading file: ../tests/matrices/test_6.txt
Number of elements in matrix is: 6
Result to compare is: 
1 3 6 2 4 5 1 
Cost to compare is: 28
----------------------------------------- 
Best tour is: 
0 2 5 1 3 4 0 
Best tour cost is: 28
----------------------------------------- 
Time taken is: 207963 nano seconds
Time taken is: 0.000207963 seconds
----------------------------------------- 
Result of tests are: 
1. Test Path: false
2. Test Cost: true
Reading file: ../tests/matrices/matrix_10.txt
Number of elements in matrix is: 10
Result to compare is: 
1 8 2 6 3 5 7 9 10 4 1 
Cost to compare is: 169
----------------------------------------- 
Best tour is: 
0 3 9 8 6 4 2 5 1 7 0 
Best tour cost is: 169
----------------------------------------- 
Time taken is: 1.56024e+07 nano seconds
Time taken is: 0.015602383 seconds
----------------------------------------- 
Result of tests are: 
1. Test Path: false
2. Test Cost: true
Reading file: ../tests/matrices/matrix_12.txt
Number of elements in matrix is: 12
Result to compare is: 
1 2 3 4 5 6 7 8 9 10 11 12 1232 
Cost to compare is: 32543
----------------------------------------- 
Best tour is: 
0 10 6 9 8 4 7 5 1 3 2 11 0 
Best tour cost is: 159
----------------------------------------- 
Time taken is: 2.32557e+08 nano seconds
Time taken is: 0.232557070 seconds
----------------------------------------- 
Result of tests are: 
1. Test Path: false
2. Test Cost: false
Reading file: ../tests/matrices/matrix_13.txt
Number of elements in matrix is: 13
Result to compare is: 
1 2 3 4 5 6 7 8 9 10 11 12 13 1232 
Cost to compare is: 32680
----------------------------------------- 
Best tour is: 
0 3 9 10 12 6 2 4 5 8 7 1 11 0 
Best tour cost is: 253
----------------------------------------- 
Time taken is: 4.09631e+09 nano seconds
Time taken is: 4.096305377 seconds
----------------------------------------- 
Result of tests are: 
1. Test Path: false
2. Test Cost: false
Reading file: ../tests/matrices/matrix_14.txt
Number of elements in matrix is: 14
Result to compare is: 
1 2 3 4 5 6 7 8 9 10 11 12 13 14 1232 
Cost to compare is: 32654
----------------------------------------- 
Best tour is: 
0 6 5 3 11 8 1 12 9 13 4 7 2 10 0 
Best tour cost is: 209
----------------------------------------- 
Time taken is: 2.97677e+09 nano seconds
Time taken is: 2.976767341 seconds
----------------------------------------- 
Result of tests are: 
1. Test Path: false
2. Test Cost: false
Reading file: ../tests/matrices/matrix_15.txt
Number of elements in matrix is: 15
Result to compare is: 
1 7 15 6 9 2 3 10 5 13 12 8 14 4 11 1 
Cost to compare is: 214
----------------------------------------- 
Best tour is: 
0 6 14 5 8 1 2 9 4 12 11 7 13 3 10 0 
Best tour cost is: 214
----------------------------------------- 
Time taken is: 2.32643e+10 nano seconds
Time taken is: 23.264269191 seconds
----------------------------------------- 
Result of tests are: 
1. Test Path: false
2. Test Cost: true
Reading file: ../tests/matrices/matrix_16.txt
Number of elements in matrix is: 16
Result to compare is: 
1 2 3 4 5 6 7 8 9 10 11 12 13 14 15 16 17 
Cost to compare is: 123
----------------------------------------- 
Best tour is: 
0 11 13 6 14 4 3 1 2 10 12 5 7 9 8 15 0 
Best tour cost is: 186
----------------------------------------- 
Time taken is: 2.61252e+10 nano seconds
Time taken is: 26.125181302 seconds
----------------------------------------- 
Result of tests are: 
1. Test Path: false
2. Test Cost: false
Reading file: ../tests/matrices/matrix_17.txt
Number of elements in matrix is: 17
Result to compare is: 
1 2 3 4 5 6 7 8 9 10 11 12 13 14 15 16 17 18 
Cost to compare is: 123
----------------------------------------- 
Best tour is: 
0 13 10 6 9 7 15 4 3 14 12 2 5 8 1 11 16 0 
Best tour cost is: 187
----------------------------------------- 
Time taken is: 4.46661e+10 nano seconds
Time taken is: 44.666135932 seconds
----------------------------------------- 
Result of tests are: 
1. Test Path: false
2. Test Cost: false
Reading file: ../tests/matrices/matrix_20.txt.bk
Number of elements in matrix is: 20
Result to compare is: 
1 13 7 17 15 6 12 3 19 20 8 11 4 18 10 9 2 5 14 16 1 
Cost to compare is: 213
----------------------------------------- 
Best tour is: 
0 12 6 16 14 5 11 2 18 19 7 10 3 17 9 8 1 4 13 15 0 
Best tour cost is: 213
----------------------------------------- 
Time taken is: 4.51262e+12 nano seconds
Time taken is: 4512.622817671 seconds
----------------------------------------- 
Result of tests are: 
1. Test Path: false
2. Test Cost: true
