Reading file: ../tests/matrices/geekforgeeks_4.txt
Number of elements in matrix is: 4
Result to compare is: 
1 3 4 2 1 
Cost to compare is: 80
----------------------------------------- 
Best tour is: 
1 3 4 2 1
Best tour cost is: 80
----------------------------------------- 
Time taken is: 51895 nano seconds
Time taken is: 0.000051895 seconds
----------------------------------------- 
Result of tests are: 
1. Test Path: true
2. Test Cost: true
Reading file: ../tests/matrices/video_5.txt
Number of elements in matrix is: 5
Result to compare is: 
0 3 1 4 2 0 
Cost to compare is: 28
----------------------------------------- 
Best tour is: 
1 4 2 5 3 1
Best tour cost is: 28
----------------------------------------- 
Time taken is: 49640 nano seconds
Time taken is: 0.000049640 seconds
----------------------------------------- 
Result of tests are: 
1. Test Path: false
2. Test Cost: true
Reading file: ../tests/matrices/test_6.txt
Number of elements in matrix is: 6
Result to compare is: 
1 3 6 2 4 5 1 
Cost to compare is: 28
----------------------------------------- 
Best tour is: 
1 3 6 2 4 5 1
Best tour cost is: 28
----------------------------------------- 
Time taken is: 84596 nano seconds
Time taken is: 0.000084596 seconds
----------------------------------------- 
Result of tests are: 
1. Test Path: true
2. Test Cost: true
Reading file: ../tests/matrices/matrix_10.txt
Number of elements in matrix is: 10
Result to compare is: 
1 8 2 6 3 5 7 9 10 4 1 
Cost to compare is: 169
----------------------------------------- 
Best tour is: 
1 8 2 6 3 5 7 9 10 4 1
Best tour cost is: 169
----------------------------------------- 
Time taken is: 2.0734e+06 nano seconds
Time taken is: 0.002073396 seconds
----------------------------------------- 
Result of tests are: 
1. Test Path: true
2. Test Cost: true
Reading file: ../tests/matrices/matrix_12.txt
Number of elements in matrix is: 12
Result to compare is: 
1 2 3 4 5 6 7 8 9 10 11 12 1232 
Cost to compare is: 0
----------------------------------------- 
Best tour is: 
1 11 7 10 9 5 8 6 2 4 3 12 1
Best tour cost is: 159
----------------------------------------- 
Time taken is: 1.2884e+07 nano seconds
Time taken is: 0.012884032 seconds
----------------------------------------- 
Result of tests are: 
1. Test Path: false
2. Test Cost: false
Reading file: ../tests/matrices/matrix_13.txt
Number of elements in matrix is: 13
Result to compare is: 
1 2 3 4 5 6 7 8 9 10 11 12 13 1232 
Cost to compare is: 0
----------------------------------------- 
Best tour is: 
1 12 2 8 9 6 5 3 7 13 11 10 4 1
Best tour cost is: 253
----------------------------------------- 
Time taken is: 8.07437e+07 nano seconds
Time taken is: 0.080743690 seconds
----------------------------------------- 
Result of tests are: 
1. Test Path: false
2. Test Cost: false
Reading file: ../tests/matrices/matrix_14.txt
Number of elements in matrix is: 14
Result to compare is: 
1 2 3 4 5 6 7 8 9 10 11 12 13 14 1232 
Cost to compare is: 0
----------------------------------------- 
Best tour is: 
1 11 3 8 5 14 10 13 2 9 12 4 6 7 1
Best tour cost is: 209
----------------------------------------- 
Time taken is: 4.13594e+07 nano seconds
Time taken is: 0.041359420 seconds
----------------------------------------- 
Result of tests are: 
1. Test Path: false
2. Test Cost: false
Reading file: ../tests/matrices/matrix_15.txt
Number of elements in matrix is: 15
Result to compare is: 
1 7 15 6 9 2 3 10 5 13 12 8 14 4 11 1 
Cost to compare is: 214
----------------------------------------- 
Best tour is: 
1 11 4 14 8 12 13 5 10 3 2 9 6 15 7 1
Best tour cost is: 214
----------------------------------------- 
Time taken is: 5.46026e+07 nano seconds
Time taken is: 0.054602618 seconds
----------------------------------------- 
Result of tests are: 
1. Test Path: false
2. Test Cost: true
Reading file: ../tests/matrices/matrix_16.txt
Number of elements in matrix is: 16
Result to compare is: 
1 2 3 4 5 6 7 8 9 10 11 12 13 14 15 16 17 
Cost to compare is: 123
----------------------------------------- 
/var/spool/slurmd/job06928/slurm_script: line 45:  5111 Killed                  ./tsp-node ../tests/matrices/matrix_16.txt
Reading file: ../tests/matrices/matrix_17.txt
Number of elements in matrix is: 17
Result to compare is: 
1 2 3 4 5 6 7 8 9 10 11 12 13 14 15 16 17 18 
Cost to compare is: 123
----------------------------------------- 
/var/spool/slurmd/job06928/slurm_script: line 49:  5212 Killed                  ./tsp-node ../tests/matrices/matrix_17.txt
Reading file: ../tests/matrices/matrix_20.txt.bk
Number of elements in matrix is: 20
Result to compare is: 
1 13 7 17 15 6 12 3 19 20 8 11 4 18 10 9 2 5 14 16 1 
Cost to compare is: 213
----------------------------------------- 
Best tour is: 
1 13 7 17 15 6 12 3 19 20 8 11 4 18 10 9 2 5 14 16 1
Best tour cost is: 213
----------------------------------------- 
Time taken is: 2.22671e+09 nano seconds
Time taken is: 2.226712871 seconds
----------------------------------------- 
Result of tests are: 
1. Test Path: true
2. Test Cost: true
slurmstepd: error: Detected 2 oom-kill event(s) in step 6928.batch cgroup. Some of your processes may have been killed by the cgroup out-of-memory handler.
